#
# There is insufficient memory for the Java Runtime Environment to continue.
# Native memory allocation (mmap) failed to map 23420928 bytes for committing reserved memory.
# Possible reasons:
#   The system is out of physical RAM or swap space
#   In 32 bit mode, the process size limit was hit
# Possible solutions:
#   Reduce memory load on the system
#   Increase physical memory or swap space
#   Check if swap backing store is full
#   Use 64 bit Java on a 64 bit OS
#   Decrease Java heap size (-Xmx/-Xms)
#   Decrease number of Java threads
#   Decrease Java thread stack sizes (-Xss)
#   Set larger code cache with -XX:ReservedCodeCacheSize=
# This output file may be truncated or incomplete.
#
#  Out of Memory Error (os_linux.cpp:2643), pid=17020, tid=0x766bbb40
#
# JRE version: OpenJDK Runtime Environment (8.0_181-b13) (build 1.8.0_181-8u181-b13-2~deb9u1-b13)
# Java VM: OpenJDK Server VM (25.181-b13 mixed mode linux-x86 )
# Failed to write core dump. Core dumps have been disabled. To enable core dumping, try "ulimit -c unlimited" before starting Java again
#

---------------  T H R E A D  ---------------

Current thread (0xb625e000):  VMThread [stack: 0x7663b000,0x766bc000] [id=17026]

Stack: [0x7663b000,0x766bc000],  sp=0x766baa60,  free space=510k
Native frames: (J=compiled Java code, j=interpreted, Vv=VM code, C=native code)
V  [libjvm.so+0x8c7df3]
V  [libjvm.so+0x3750f6]
V  [libjvm.so+0x72b0a0]
V  [libjvm.so+0x724fb3]
V  [libjvm.so+0x8c495c]
V  [libjvm.so+0x4760a3]
V  [libjvm.so+0x476c1b]
V  [libjvm.so+0x475d6f]
V  [libjvm.so+0x8684cc]
V  [libjvm.so+0x46398b]
V  [libjvm.so+0x301b64]
V  [libjvm.so+0x8c8ebd]
V  [libjvm.so+0x8cef06]
V  [libjvm.so+0x8ccff0]
V  [libjvm.so+0x8cd7d3]
V  [libjvm.so+0x8cdd8b]
V  [libjvm.so+0x728315]
C  [libpthread.so.0+0x627a]  start_thread+0xda

VM_Operation (0xb641d660): GenCollectForAllocation, mode: safepoint, requested by thread 0xb6208400


---------------  P R O C E S S  ---------------

Java Threads: ( => current thread )
  0xb629ec00 JavaThread "Service Thread" daemon [_thread_blocked, id=17032, stack(0x7611f000,0x76170000)]
  0xb6283800 JavaThread "C1 CompilerThread1" daemon [_thread_blocked, id=17031, stack(0x76170000,0x761f1000)]
  0xb6282000 JavaThread "C2 CompilerThread0" daemon [_thread_blocked, id=17030, stack(0x761f1000,0x76272000)]
  0xb6280800 JavaThread "Signal Dispatcher" daemon [_thread_blocked, id=17029, stack(0x76272000,0x762c3000)]
  0xb6265800 JavaThread "Finalizer" daemon [_thread_blocked, id=17028, stack(0x7645e000,0x764af000)]
  0xb6263800 JavaThread "Reference Handler" daemon [_thread_blocked, id=17027, stack(0x764af000,0x76500000)]
  0xb6208400 JavaThread "main" [_thread_blocked, id=17025, stack(0xb63d2000,0xb6423000)]

Other Threads:
=>0xb625e000 VMThread [stack: 0x7663b000,0x766bc000] [id=17026]
  0xb62a0800 WatcherThread [stack: 0x7609e000,0x7611f000] [id=17033]

VM state:at safepoint (normal execution)

VM Mutex/Monitor currently owned by a thread:  ([mutex/lock_event])
[0xb6205950] Threads_lock - owner thread: 0xb625e000
[0xb6205d60] Heap_lock - owner thread: 0xb6208400

Heap:
 def new generation   total 14784K, used 981K [0x77000000, 0x78000000, 0x86f50000)
  eden space 13184K,   7% used [0x77000000, 0x770f5698, 0x77ce0000)
  from space 1600K,   0% used [0x77e70000, 0x77e70000, 0x78000000)
  to   space 1600K,   0% used [0x77ce0000, 0x77ce0000, 0x77e70000)
 tenured generation   total 34304K, used 34304K [0x86f50000, 0x890d0000, 0xa6e00000)
   the space 34304K, 100% used [0x86f50000, 0x890d0000, 0x890d0000, 0x890d0000)
 Metaspace       used 10132K, capacity 10176K, committed 10264K, reserved 10544K

Card table byte_map: [0x76e80000,0x77000000] byte_map_base: 0x76ac8000

Polling page: 0xb7761000

CodeCache: size=245760Kb used=4322Kb max_used=4348Kb free=241437Kb
 bounds [0xa7200000, 0xa7640000, 0xb6200000]
 total_blobs=1663 nmethods=1447 adapters=130
 compilation: enabled

Compilation events (10 events):
Event: 6.850 Thread 0xb6282000 nmethod 1467 0xa7615b88 code [0xa7615de0, 0xa7616f24]
Event: 6.850 Thread 0xb6282000 1468       4       org.glassfish.gmbal.typelib.TypeEvaluator$TypeEvaluationVisitor::evaluateType (145 bytes)
Event: 6.851 Thread 0xb6283800 1469   !   2       org.glassfish.gmbal.typelib.TypeEvaluator$TypeEvaluationVisitor::visitTypeVariable (19 bytes)
Event: 6.851 Thread 0xb6283800 nmethod 1469 0xa761cc08 code [0xa761cd20, 0xa761ce34]
Event: 6.874 Thread 0xb6283800 1470       2       org.glassfish.pfl.basic.contain.ObjectSet::contains (20 bytes)
Event: 6.875 Thread 0xb6283800 nmethod 1470 0xa761c948 code [0xa761ca60, 0xa761cb6c]
Event: 6.903 Thread 0xb6283800 1472   !   2       org.glassfish.gmbal.typelib.TypeEvaluator$TypeEvaluationVisitor::visitGenericArrayType (27 bytes)
Event: 6.903 Thread 0xb6283800 nmethod 1472 0xa761c588 code [0xa761c6c0, 0xa761c808]
Event: 7.087 Thread 0xb6283800 1476       2       sun.reflect.NativeConstructorAccessorImpl::newInstance (89 bytes)
Event: 7.087 Thread 0xb6283800 nmethod 1476 0xa761b008 code [0xa761b1a0, 0xa761b55c]

GC Heap History (10 events):
Event: 5.898 GC heap after
Heap after GC invocations=12 (full 0):
 def new generation   total 14784K, used 1600K [0x77000000, 0x78000000, 0x86f50000)
  eden space 13184K,   0% used [0x77000000, 0x77000000, 0x77ce0000)
  from space 1600K, 100% used [0x77ce0000, 0x77e70000, 0x77e70000)
  to   space 1600K,   0% used [0x77e70000, 0x77e70000, 0x78000000)
 tenured generation   total 32768K, used 21537K [0x86f50000, 0x88f50000, 0xa6e00000)
   the space 32768K,  65% used [0x86f50000, 0x884584a0, 0x88458600, 0x88f50000)
 Metaspace       used 8034K, capacity 8062K, committed 8088K, reserved 8496K
}
Event: 5.991 GC heap before
{Heap before GC invocations=12 (full 0):
 def new generation   total 14784K, used 14784K [0x77000000, 0x78000000, 0x86f50000)
  eden space 13184K, 100% used [0x77000000, 0x77ce0000, 0x77ce0000)
  from space 1600K, 100% used [0x77ce0000, 0x77e70000, 0x77e70000)
  to   space 1600K,   0% used [0x77e70000, 0x77e70000, 0x78000000)
 tenured generation   total 32768K, used 21537K [0x86f50000, 0x88f50000, 0xa6e00000)
   the space 32768K,  65% used [0x86f50000, 0x884584a0, 0x88458600, 0x88f50000)
 Metaspace       used 8099K, capacity 8126K, committed 8216K, reserved 8496K
Event: 6.025 GC heap after
Heap after GC invocations=13 (full 0):
 def new generation   total 14784K, used 1599K [0x77000000, 0x78000000, 0x86f50000)
  eden space 13184K,   0% used [0x77000000, 0x77000000, 0x77ce0000)
  from space 1600K,  99% used [0x77e70000, 0x77fffff8, 0x78000000)
  to   space 1600K,   0% used [0x77ce0000, 0x77ce0000, 0x77e70000)
 tenured generation   total 32768K, used 24010K [0x86f50000, 0x88f50000, 0xa6e00000)
   the space 32768K,  73% used [0x86f50000, 0x886c2a78, 0x886c2c00, 0x88f50000)
 Metaspace       used 8099K, capacity 8126K, committed 8216K, reserved 8496K
}
Event: 6.391 GC heap before
{Heap before GC invocations=13 (full 0):
 def new generation   total 14784K, used 14783K [0x77000000, 0x78000000, 0x86f50000)
  eden space 13184K, 100% used [0x77000000, 0x77ce0000, 0x77ce0000)
  from space 1600K,  99% used [0x77e70000, 0x77fffff8, 0x78000000)
  to   space 1600K,   0% used [0x77ce0000, 0x77ce0000, 0x77e70000)
 tenured generation   total 32768K, used 24010K [0x86f50000, 0x88f50000, 0xa6e00000)
   the space 32768K,  73% used [0x86f50000, 0x886c2a78, 0x886c2c00, 0x88f50000)
 Metaspace       used 8904K, capacity 8926K, committed 8984K, reserved 9520K
Event: 6.426 GC heap after
Heap after GC invocations=14 (full 0):
 def new generation   total 14784K, used 1600K [0x77000000, 0x78000000, 0x86f50000)
  eden space 13184K,   0% used [0x77000000, 0x77000000, 0x77ce0000)
  from space 1600K, 100% used [0x77ce0000, 0x77e70000, 0x77e70000)
  to   space 1600K,   0% used [0x77e70000, 0x77e70000, 0x78000000)
 tenured generation   total 32768K, used 26387K [0x86f50000, 0x88f50000, 0xa6e00000)
   the space 32768K,  80% used [0x86f50000, 0x88914dc0, 0x88914e00, 0x88f50000)
 Metaspace       used 8904K, capacity 8926K, committed 8984K, reserved 9520K
}
Event: 6.708 GC heap before
{Heap before GC invocations=14 (full 0):
 def new generation   total 14784K, used 14784K [0x77000000, 0x78000000, 0x86f50000)
  eden space 13184K, 100% used [0x77000000, 0x77ce0000, 0x77ce0000)
  from space 1600K, 100% used [0x77ce0000, 0x77e70000, 0x77e70000)
  to   space 1600K,   0% used [0x77e70000, 0x77e70000, 0x78000000)
 tenured generation   total 32768K, used 26387K [0x86f50000, 0x88f50000, 0xa6e00000)
   the space 32768K,  80% used [0x86f50000, 0x88914dc0, 0x88914e00, 0x88f50000)
 Metaspace       used 9642K, capacity 9696K, committed 9752K, reserved 10544K
Event: 6.751 GC heap after
Heap after GC invocations=15 (full 0):
 def new generation   total 14784K, used 1600K [0x77000000, 0x78000000, 0x86f50000)
  eden space 13184K,   0% used [0x77000000, 0x77000000, 0x77ce0000)
  from space 1600K, 100% used [0x77e70000, 0x78000000, 0x78000000)
  to   space 1600K,   0% used [0x77ce0000, 0x77ce0000, 0x77e70000)
 tenured generation   total 32768K, used 29113K [0x86f50000, 0x88f50000, 0xa6e00000)
   the space 32768K,  88% used [0x86f50000, 0x88bbe478, 0x88bbe600, 0x88f50000)
 Metaspace       used 9642K, capacity 9696K, committed 9752K, reserved 10544K
}
Event: 6.946 GC heap before
{Heap before GC invocations=15 (full 0):
 def new generation   total 14784K, used 14784K [0x77000000, 0x78000000, 0x86f50000)
  eden space 13184K, 100% used [0x77000000, 0x77ce0000, 0x77ce0000)
  from space 1600K, 100% used [0x77e70000, 0x78000000, 0x78000000)
  to   space 1600K,   0% used [0x77ce0000, 0x77ce0000, 0x77e70000)
 tenured generation   total 32768K, used 29113K [0x86f50000, 0x88f50000, 0xa6e00000)
   the space 32768K,  88% used [0x86f50000, 0x88bbe478, 0x88bbe600, 0x88f50000)
 Metaspace       used 9995K, capacity 10048K, committed 10136K, reserved 10544K
Event: 6.967 GC heap after
Heap after GC invocations=16 (full 0):
 def new generation   total 14784K, used 1599K [0x77000000, 0x78000000, 0x86f50000)
  eden space 13184K,   0% used [0x77000000, 0x77000000, 0x77ce0000)
  from space 1600K,  99% used [0x77ce0000, 0x77e6fff8, 0x77e70000)
  to   space 1600K,   0% used [0x77e70000, 0x77e70000, 0x78000000)
 tenured generation   total 32768K, used 31664K [0x86f50000, 0x88f50000, 0xa6e00000)
   the space 32768K,  96% used [0x86f50000, 0x88e3c1b8, 0x88e3c200, 0x88f50000)
 Metaspace       used 9995K, capacity 10048K, committed 10136K, reserved 10544K
}
Event: 7.104 GC heap before
{Heap before GC invocations=16 (full 0):
 def new generation   total 14784K, used 14783K [0x77000000, 0x78000000, 0x86f50000)
  eden space 13184K, 100% used [0x77000000, 0x77ce0000, 0x77ce0000)
  from space 1600K,  99% used [0x77ce0000, 0x77e6fff8, 0x77e70000)
  to   space 1600K,   0% used [0x77e70000, 0x77e70000, 0x78000000)
 tenured generation   total 32768K, used 31664K [0x86f50000, 0x88f50000, 0xa6e00000)
   the space 32768K,  96% used [0x86f50000, 0x88e3c1b8, 0x88e3c200, 0x88f50000)
 Metaspace       used 10132K, capacity 10176K, committed 10264K, reserved 10544K

Deoptimization events (10 events):
Event: 1.560 Thread 0xb6208400 Uncommon trap: reason=class_check action=maybe_recompile pc=0xa7346a5c method=java.util.HashMap.getNode(ILjava/lang/Object;)Ljava/util/HashMap$Node; @ 126
Event: 1.570 Thread 0xb6208400 Uncommon trap: reason=unstable_if action=reinterpret pc=0xa7346a20 method=java.util.HashMap.getNode(ILjava/lang/Object;)Ljava/util/HashMap$Node; @ 49
Event: 1.843 Thread 0xb6208400 Uncommon trap: reason=unstable_if action=reinterpret pc=0xa72c1280 method=java.lang.String.indexOf([CII[CIII)I @ 3
Event: 2.157 Thread 0xb6208400 Uncommon trap: reason=unstable_if action=reinterpret pc=0xa72d5080 method=java.net.URI$Parser.scan(IILjava/lang/String;Ljava/lang/String;)I @ 35
Event: 2.846 Thread 0xb6208400 Uncommon trap: reason=class_check action=maybe_recompile pc=0xa7420c68 method=org.jvnet.hk2.internal.SystemDescriptor.getAdvertisedContracts()Ljava/util/Set; @ 4
Event: 2.949 Thread 0xb6208400 Uncommon trap: reason=unstable_if action=reinterpret pc=0xa733ced4 method=java.lang.String.toLowerCase(Ljava/util/Locale;)Ljava/lang/String; @ 85
Event: 3.184 Thread 0xb6208400 Uncommon trap: reason=unstable_if action=reinterpret pc=0xa72c41f0 method=java.util.StringTokenizer.scanToken(I)I @ 42
Event: 4.115 Thread 0xb6208400 Uncommon trap: reason=unstable_if action=reinterpret pc=0xa740e710 method=java.lang.String.substring(I)Ljava/lang/String; @ 35
Event: 4.416 Thread 0xb6208400 Uncommon trap: reason=unstable_if action=reinterpret pc=0xa734a5bc method=java.util.StringTokenizer.skipDelimiters(I)I @ 64
Event: 6.847 Thread 0xb6208400 Uncommon trap: reason=null_check action=make_not_entrant pc=0xa7622294 method=org.glassfish.gmbal.typelib.TypeEvaluator$TypeEvaluationVisitor.visitClassDeclaration(Ljava/lang/Class;)Lorg/glassfish/gmbal/typelib/EvaluatedType; @ 41

Classes redefined (0 events):
No events

Internal exceptions (10 events):
Event: 1.560 Thread 0xb6208400 Exception <a 'java/security/PrivilegedActionException'> (0x775267c8) thrown at [/build/openjdk-8-FRGKAs/openjdk-8-8u181-b13/src/hotspot/src/share/vm/prims/jvm.cpp, line 1435]
Event: 1.560 Thread 0xb6208400 Exception <a 'java/security/PrivilegedActionException'> (0x77528608) thrown at [/build/openjdk-8-FRGKAs/openjdk-8-8u181-b13/src/hotspot/src/share/vm/prims/jvm.cpp, line 1435]
Event: 1.560 Thread 0xb6208400 Exception <a 'java/security/PrivilegedActionException'> (0x77528808) thrown at [/build/openjdk-8-FRGKAs/openjdk-8-8u181-b13/src/hotspot/src/share/vm/prims/jvm.cpp, line 1435]
Event: 1.560 Thread 0xb6208400 Exception <a 'java/security/PrivilegedActionException'> (0x77529240) thrown at [/build/openjdk-8-FRGKAs/openjdk-8-8u181-b13/src/hotspot/src/share/vm/prims/jvm.cpp, line 1435]
Event: 1.560 Thread 0xb6208400 Exception <a 'java/security/PrivilegedActionException'> (0x77529440) thrown at [/build/openjdk-8-FRGKAs/openjdk-8-8u181-b13/src/hotspot/src/share/vm/prims/jvm.cpp, line 1435]
Event: 1.614 Thread 0xb6208400 Exception <a 'java/io/FileNotFoundException'> (0x7753eec0) thrown at [/build/openjdk-8-FRGKAs/openjdk-8-8u181-b13/src/hotspot/src/share/vm/prims/jni.cpp, line 709]
Event: 1.966 Thread 0xb6208400 Exception <a 'java/lang/ArrayIndexOutOfBoundsException': 18> (0x778e2e38) thrown at [/build/openjdk-8-FRGKAs/openjdk-8-8u181-b13/src/hotspot/src/share/vm/interpreter/interpreterRuntime.cpp, line 366]
Event: 1.966 Thread 0xb6208400 Exception <a 'java/lang/ArrayIndexOutOfBoundsException': 83> (0x778e3ed8) thrown at [/build/openjdk-8-FRGKAs/openjdk-8-8u181-b13/src/hotspot/src/share/vm/interpreter/interpreterRuntime.cpp, line 366]
Event: 1.967 Thread 0xb6208400 Exception <a 'java/lang/ArrayIndexOutOfBoundsException'> (0x778e54b0) thrown at [/build/openjdk-8-FRGKAs/openjdk-8-8u181-b13/src/hotspot/src/share/vm/runtime/sharedRuntime.cpp, line 605]
Event: 2.951 Thread 0xb6208400 Exception <a 'java/io/FileNotFoundException'> (0x77a37f38) thrown at [/build/openjdk-8-FRGKAs/openjdk-8-8u181-b13/src/hotspot/src/share/vm/prims/jni.cpp, line 709]

Events (10 events):
Event: 7.047 loading class java/beans/ChangeListenerMap
Event: 7.047 loading class java/beans/ChangeListenerMap done
Event: 7.047 loading class java/beans/PropertyChangeSupport$PropertyChangeListenerMap done
Event: 7.047 loading class java/awt/AWTKeyStroke
Event: 7.052 loading class java/awt/AWTKeyStroke done
Event: 7.052 loading class java/awt/VKCollection
Event: 7.062 loading class java/awt/VKCollection done
Event: 7.074 loading class java/lang/Character$Subset
Event: 7.083 loading class java/lang/Character$Subset done
Event: 7.104 Executing VM operation: GenCollectForAllocation


Dynamic libraries:
00449000-0044a000 r-xp 00000000 08:01 139052     /usr/lib/jvm/java-8-openjdk-i386/jre/bin/java
0044a000-0044b000 r--p 00000000 08:01 139052     /usr/lib/jvm/java-8-openjdk-i386/jre/bin/java
0044b000-0044c000 rw-p 00001000 08:01 139052     /usr/lib/jvm/java-8-openjdk-i386/jre/bin/java
01c3c000-02796000 rw-p 00000000 00:00 0          [heap]
72000000-72029000 rw-p 00000000 00:00 0 
72029000-72100000 ---p 00000000 00:00 0 
72200000-722c0000 rw-p 00000000 00:00 0 
722c0000-72300000 ---p 00000000 00:00 0 
72300000-723fc000 rw-p 00000000 00:00 0 
723fc000-72400000 ---p 00000000 00:00 0 
72400000-72500000 rw-p 00000000 00:00 0 
72500000-725fa000 rw-p 00000000 00:00 0 
725fa000-72600000 ---p 00000000 00:00 0 
726ff000-727ff000 rw-p 00000000 00:00 0 
727ff000-728ff000 rw-p 00000000 00:00 0 
728ff000-729ff000 rw-p 00000000 00:00 0 
729ff000-72aff000 rw-p 00000000 00:00 0 
72aff000-74700000 rw-p 00000000 00:00 0 
74700000-748fb000 rw-p 00000000 00:00 0 
748fb000-74900000 ---p 00000000 00:00 0 
74900000-749f9000 rw-p 00000000 00:00 0 
749f9000-74a00000 ---p 00000000 00:00 0 
74a9b000-74aa4000 r-xp 00000000 08:01 139156     /usr/lib/jvm/java-8-openjdk-i386/jre/lib/i386/libmanagement.so
74aa4000-74aa5000 r--p 00008000 08:01 139156     /usr/lib/jvm/java-8-openjdk-i386/jre/lib/i386/libmanagement.so
74aa5000-74aa6000 rw-p 00009000 08:01 139156     /usr/lib/jvm/java-8-openjdk-i386/jre/lib/i386/libmanagement.so
74aa6000-74ad1000 r-xp 00000000 08:01 139170     /usr/lib/jvm/java-8-openjdk-i386/jre/lib/i386/libsunec.so
74ad1000-74ad2000 ---p 0002b000 08:01 139170     /usr/lib/jvm/java-8-openjdk-i386/jre/lib/i386/libsunec.so
74ad2000-74ad4000 r--p 0002b000 08:01 139170     /usr/lib/jvm/java-8-openjdk-i386/jre/lib/i386/libsunec.so
74ad4000-74ad5000 rw-p 0002d000 08:01 139170     /usr/lib/jvm/java-8-openjdk-i386/jre/lib/i386/libsunec.so
74ad5000-74ae6000 r-xp 00000000 08:01 139162     /usr/lib/jvm/java-8-openjdk-i386/jre/lib/i386/libnio.so
74ae6000-74ae7000 r--p 00010000 08:01 139162     /usr/lib/jvm/java-8-openjdk-i386/jre/lib/i386/libnio.so
74ae7000-74ae8000 rw-p 00011000 08:01 139162     /usr/lib/jvm/java-8-openjdk-i386/jre/lib/i386/libnio.so
74ae8000-74afe000 r-xp 00000000 08:01 139160     /usr/lib/jvm/java-8-openjdk-i386/jre/lib/i386/libnet.so
74afe000-74aff000 r--p 00015000 08:01 139160     /usr/lib/jvm/java-8-openjdk-i386/jre/lib/i386/libnet.so
74aff000-74b00000 rw-p 00016000 08:01 139160     /usr/lib/jvm/java-8-openjdk-i386/jre/lib/i386/libnet.so
74b00000-74bfb000 rw-p 00000000 00:00 0 
74bfb000-74c00000 ---p 00000000 00:00 0 
74c00000-74cfd000 rw-p 00000000 00:00 0 
74cfd000-74d00000 ---p 00000000 00:00 0 
74d00000-74e00000 rw-p 00000000 00:00 0 
74e00000-74eff000 rw-p 00000000 00:00 0 
74eff000-74f00000 ---p 00000000 00:00 0 
74f00000-74ffa000 rw-p 00000000 00:00 0 
74ffa000-75000000 ---p 00000000 00:00 0 
75002000-75004000 r--s 00016000 08:01 139198     /usr/lib/jvm/java-8-openjdk-i386/jre/lib/jce.jar
75004000-75009000 r--s 0009d000 08:01 139202     /usr/lib/jvm/java-8-openjdk-i386/jre/lib/jsse.jar
75009000-7500a000 r--s 00008000 08:01 171413     /home/bruno/NetBeansProjects/TP_PD_full/TP_PD/AgencyLib/dist/AgencyLib.jar
7500a000-7500b000 r--s 00000000 08:01 8599       /opt/payara5/glassfish/lib/jndi-properties.jar
7500b000-7500e000 r--s 00006000 08:01 8157       /opt/payara5/glassfish/modules/javax.batch-api.jar
7500e000-75010000 r--s 00002000 08:01 8194       /opt/payara5/glassfish/modules/javax.enterprise.concurrent-api.jar
75010000-75011000 r--s 00007000 08:01 7988       /opt/payara5/glassfish/modules/javax.servlet.jsp.jstl-api.jar
75011000-75041000 r--s 00379000 08:01 8222       /opt/payara5/glassfish/modules/javax.faces.jar
75041000-75042000 r--s 00000000 08:01 9008       /opt/payara5/glassfish/lib/javaee.jar
75042000-7506b000 r--s 00277000 08:01 8061       /opt/payara5/glassfish/modules/weld-osgi-bundle.jar
7506b000-7506d000 r--s 00003000 08:01 8076       /opt/payara5/glassfish/modules/jdbc-config.jar
7506d000-7506f000 r--s 00014000 08:01 8125       /opt/payara5/glassfish/modules/jdbc-runtime.jar
7506f000-75072000 r--s 00018000 08:01 8044       /opt/payara5/glassfish/modules/entitybean-container.jar
75072000-75073000 r--s 00003000 08:01 8473       /opt/payara5/glassfish/lib/install/applications/jaxr-ra/jaxr-ra.jar
75073000-75076000 r--s 00012000 08:01 7907       /opt/payara5/javadb/lib/derbyoptionaltools.jar
75076000-7507a000 r--s 00035000 08:01 7915       /opt/payara5/javadb/lib/derbytools.jar
7507a000-7507e000 r--s 0003f000 08:01 7908       /opt/payara5/javadb/lib/derbynet.jar
7507e000-75084000 r--s 0008a000 08:01 7905       /opt/payara5/javadb/lib/derbyclient.jar
75084000-75087000 r--s 00019000 08:01 7899       /opt/payara5/javadb/lib/derbyLocale_zh_TW.jar
75087000-75089000 r--s 00019000 08:01 7914       /opt/payara5/javadb/lib/derbyLocale_zh_CN.jar
75089000-7508b000 r--s 0001c000 08:01 7916       /opt/payara5/javadb/lib/derbyLocale_ru.jar
7508b000-7508e000 r--s 00014000 08:01 7902       /opt/payara5/javadb/lib/derbyLocale_pt_BR.jar
7508e000-75090000 r--s 00015000 08:01 7900       /opt/payara5/javadb/lib/derbyLocale_pl.jar
75090000-75092000 r--s 0001b000 08:01 7903       /opt/payara5/javadb/lib/derbyLocale_ko_KR.jar
75092000-75095000 r--s 0001c000 08:01 7909       /opt/payara5/javadb/lib/derbyLocale_ja_JP.jar
75095000-75097000 r--s 00018000 08:01 7913       /opt/payara5/javadb/lib/derbyLocale_it.jar
75097000-75099000 r--s 00016000 08:01 7918       /opt/payara5/javadb/lib/derbyLocale_hu.jar
75099000-7509b000 r--s 0001a000 08:01 7906       /opt/payara5/javadb/lib/derbyLocale_fr.jar
7509b000-7509d000 r--s 00018000 08:01 7912       /opt/payara5/javadb/lib/derbyLocale_es.jar
7509d000-7509f000 r--s 0001a000 08:01 7904       /opt/payara5/javadb/lib/derbyLocale_de_DE.jar
7509f000-750a2000 r--s 00015000 08:01 7917       /opt/payara5/javadb/lib/derbyLocale_cs.jar
750a2000-750d0000 r--s 002e7000 08:01 7911       /opt/payara5/javadb/lib/derby.jar
750d0000-750d4000 r--s 00029000 08:01 8539       /opt/payara5/glassfish/lib/install/applications/__dm_jdbc_ra/__dm_jdbc_ra.jar
750d4000-750d7000 r--s 00029000 08:01 8459       /opt/payara5/glassfish/lib/install/applications/__xa_jdbc_ra/__xa_jdbc_ra.jar
750d7000-750da000 r--s 00029000 08:01 8480       /opt/payara5/glassfish/lib/install/applications/__cp_jdbc_ra/__cp_jdbc_ra.jar
750da000-750dd000 r--s 00029000 08:01 8484       /opt/payara5/glassfish/lib/install/applications/__ds_jdbc_ra/__ds_jdbc_ra.jar
750dd000-750e2000 r--s 0003e000 08:01 8464       /opt/payara5/glassfish/lib/install/applications/jmsra/imqjmsbridge.jar
750e2000-75100000 r--s 002bf000 08:01 8471       /opt/payara5/glassfish/lib/install/applications/jmsra/imqbroker.jar
75100000-751ff000 rw-p 00000000 00:00 0 
751ff000-75200000 ---p 00000000 00:00 0 
75200000-75201000 r--s 00002000 08:01 7901       /opt/payara5/javadb/lib/derbyrun.jar
75201000-75203000 r--s 00017000 08:01 8463       /opt/payara5/glassfish/lib/install/applications/jmsra/fscontext.jar
75203000-75206000 r--s 00022000 08:01 8466       /opt/payara5/glassfish/lib/install/applications/jmsra/imqstomp.jar
75206000-75208000 r--s 0000d000 08:01 8470       /opt/payara5/glassfish/lib/install/applications/jmsra/imqjmx.jar
75208000-7521f000 r--s 001bb000 08:01 8465       /opt/payara5/glassfish/lib/install/applications/jmsra/imqjmsra.jar
7521f000-75221000 r--s 00017000 08:01 10084      /opt/payara5/mq/lib/fscontext.jar
75221000-7522a000 r--s 0008c000 08:01 10208      /opt/payara5/mq/lib/jhall.jar
7522a000-7522c000 r--s 0000d000 08:01 10149      /opt/payara5/mq/lib/imqjmx.jar
7522c000-75233000 r--s 00069000 08:01 10203      /opt/payara5/mq/lib/imqutil.jar
75233000-75239000 r--s 00079000 08:01 10091      /opt/payara5/mq/lib/imqadmin.jar
75239000-7523a000 r--s 00006000 08:01 10204      /opt/payara5/mq/lib/jaxm-api.jar
7523a000-7523c000 r--s 00008000 08:01 10092      /opt/payara5/mq/lib/imqxm.jar
7523c000-7523f000 r--s 0000d000 08:01 10133      /opt/payara5/mq/lib/jms.jar
7523f000-75249000 r--s 000a4000 08:01 10093      /opt/payara5/mq/lib/imq.jar
75249000-7524b000 r--s 00008000 08:01 8046       /opt/payara5/glassfish/modules/resources-runtime.jar
7524b000-7527c000 r--s 0022b000 08:01 8591       /opt/payara5/glassfish/lib/appclient/weld-se-shaded.jar
7527c000-7527f000 r--s 00012000 08:01 7955       /opt/payara5/glassfish/modules/endorsed/webservices-api-osgi.jar
7527f000-75283000 r--s 0001b000 08:01 7953       /opt/payara5/glassfish/modules/endorsed/jaxb-api.jar
75283000-75285000 r--s 00005000 08:01 7954       /opt/payara5/glassfish/modules/endorsed/javax.annotation-api.jar
75285000-75286000 r--s 00004000 08:01 8053       /opt/payara5/glassfish/modules/javamail-runtime.jar
75286000-75288000 r--s 00001000 08:01 7992       /opt/payara5/glassfish/modules/appclient-connector.jar
75288000-7528a000 r--s 0001f000 08:01 8184       /opt/payara5/glassfish/modules/javax.xml.registry-api.jar
7528a000-7528c000 r--s 00004000 08:01 8146       /opt/payara5/glassfish/modules/cmp-internal-api.jar
7528c000-7528e000 r--s 0000a000 08:01 8308       /opt/payara5/glassfish/modules/jpa-container.jar
7528e000-75295000 r--s 00073000 08:01 8142       /opt/payara5/glassfish/modules/org.eclipse.persistence.asm.jar
75295000-7529a000 r--s 00024000 08:01 7972       /opt/payara5/glassfish/modules/org.eclipse.persistence.antlr.jar
7529a000-7529c000 r--s 00014000 08:01 8311       /opt/payara5/glassfish/modules/org.eclipse.persistence.oracle.jar
7529c000-752a2000 r--s 00052000 08:01 8131       /opt/payara5/glassfish/modules/org.eclipse.persistence.dbws.jar
752a2000-752c0000 r--s 00142000 08:01 8021       /opt/payara5/glassfish/modules/org.eclipse.persistence.jpa.jpql.jar
752c0000-75300000 r--s 004e4000 08:01 8121       /opt/payara5/glassfish/modules/org.eclipse.persistence.core.jar
75300000-753fe000 rw-p 00000000 00:00 0 
753fe000-75400000 ---p 00000000 00:00 0 
75400000-754f9000 rw-p 00000000 00:00 0 
754f9000-75500000 ---p 00000000 00:00 0 
75500000-75509000 r--s 00097000 08:01 7962       /opt/payara5/glassfish/modules/org.eclipse.persistence.moxy.jar
75509000-7550b000 r--s 0000d000 08:01 8016       /opt/payara5/glassfish/modules/org.eclipse.persistence.jpa.modelgen.processor.jar
7550b000-75522000 r--s 00155000 08:01 8116       /opt/payara5/glassfish/modules/org.eclipse.persistence.jpa.jar
75522000-75524000 r--s 00014000 08:01 8111       /opt/payara5/glassfish/modules/jms-core.jar
75524000-75526000 r--s 0000f000 08:01 8328       /opt/payara5/glassfish/modules/jta.jar
75526000-7552c000 r--s 00059000 08:01 8152       /opt/payara5/glassfish/modules/jts.jar
7552c000-7552e000 r--s 00010000 08:01 8317       /opt/payara5/glassfish/modules/webservices-connector.jar
7552e000-75530000 r--s 00006000 08:01 8089       /opt/payara5/glassfish/modules/javamail-connector.jar
75530000-75537000 r--s 0007b000 08:01 8331       /opt/payara5/glassfish/modules/connectors-runtime.jar
75537000-75600000 r--s 00c07000 08:01 7982       /opt/payara5/glassfish/modules/webservices-osgi.jar
75600000-75700000 rw-p 00000000 00:00 0 
75700000-75701000 r--s 00003000 08:01 8110       /opt/payara5/glassfish/modules/gf-jms-connector.jar
75701000-75702000 r--s 00002000 08:01 8201       /opt/payara5/glassfish/modules/gf-connectors-connector.jar
75702000-75703000 r--s 00007000 08:01 8068       /opt/payara5/glassfish/modules/connectors-inbound-runtime.jar
75703000-75705000 r--s 0000a000 08:01 7937       /opt/payara5/glassfish/modules/work-management.jar
75705000-75709000 r--s 0003d000 08:01 8316       /opt/payara5/glassfish/modules/jsr109-impl.jar
75709000-7571d000 r--s 000e3000 08:01 7991       /opt/payara5/glassfish/modules/jaxb-extra-osgi.jar
7571d000-7575e000 r--s 00359000 08:01 8208       /opt/payara5/glassfish/modules/jaxb-osgi.jar
7575e000-75762000 r--s 00024000 08:01 8027       /opt/payara5/glassfish/modules/stax2-api.jar
75762000-75768000 r--s 00071000 08:01 7940       /opt/payara5/glassfish/modules/woodstox-core-asl.jar
75768000-75769000 r--s 00000000 08:01 8075       /opt/payara5/glassfish/modules/webservices-extra-jdk-packages.jar
75769000-7576c000 r--s 00009000 08:01 7990       /opt/payara5/glassfish/modules/javax.xml.rpc-api.jar
7576c000-7576e000 r--s 00004000 08:01 8081       /opt/payara5/glassfish/modules/web-sse.jar
7576e000-75770000 r--s 00006000 08:01 8278       /opt/payara5/glassfish/modules/web-embed-api.jar
75770000-75772000 r--s 0000b000 08:01 8056       /opt/payara5/glassfish/modules/websecurity.jar
75772000-75773000 r--s 00009000 08:01 8010       /opt/payara5/glassfish/modules/web-gui-plugin-common.jar
75773000-75775000 r--s 00001000 08:01 8169       /opt/payara5/glassfish/modules/admin-core.jar
75775000-7577c000 r--s 00080000 08:01 7968       /opt/payara5/glassfish/modules/javax.servlet.jsp.jar
7577c000-7577d000 r--s 00002000 08:01 8262       /opt/payara5/glassfish/modules/microprofile-opentracing-api.jar
7577d000-7577e000 r--s 00004000 08:01 7958       /opt/payara5/glassfish/modules/opentracing-adapter.jar
7577e000-75782000 r--s 0001c000 08:01 7928       /opt/payara5/glassfish/modules/javax.ws.rs-api.jar
75782000-75785000 r--s 0000f000 08:01 8303       /opt/payara5/glassfish/modules/jersey-media-jaxb.jar
75785000-7578b000 r--s 00036000 08:01 8287       /opt/payara5/glassfish/modules/jersey-client.jar
7578b000-7579e000 r--s 000d1000 08:01 8024       /opt/payara5/glassfish/modules/jersey-server.jar
7579e000-757a0000 r--s 00003000 08:01 8070       /opt/payara5/glassfish/modules/microprofile-config-api.jar
757a0000-757b7000 r--s 00100000 08:01 8192       /opt/payara5/glassfish/modules/jersey-common.jar
757b7000-757b9000 r--s 0000d000 08:01 8022       /opt/payara5/glassfish/modules/jersey-container-servlet-core.jar
757b9000-757bb000 r--s 0000b000 08:01 8066       /opt/payara5/glassfish/modules/tyrus-container-grizzly-client.jar
757bb000-757bd000 r--s 00002000 08:01 8320       /opt/payara5/glassfish/modules/tyrus-spi.jar
757bd000-757c4000 r--s 00057000 08:01 8102       /opt/payara5/glassfish/modules/tyrus-core.jar
757c4000-757c6000 r--s 00010000 08:01 8072       /opt/payara5/glassfish/modules/tyrus-client.jar
757c6000-757c8000 r--s 00007000 08:01 8090       /opt/payara5/glassfish/modules/javax.websocket-api.jar
757c8000-757ca000 r--s 00005000 08:01 8322       /opt/payara5/glassfish/modules/tyrus-container-servlet.jar
757ca000-757d7000 r--s 00112000 08:01 8281       /opt/payara5/glassfish/modules/web-core.jar
757d7000-757da000 r--s 0001a000 08:01 8080       /opt/payara5/glassfish/modules/web-naming.jar
757da000-757dc000 r--s 00008000 08:01 7983       /opt/payara5/glassfish/modules/gf-web-connector.jar
757dc000-757df000 r--s 0000b000 08:01 8092       /opt/payara5/glassfish/modules/javax.servlet.jsp-api.jar
757df000-757e2000 r--s 00019000 08:01 8154       /opt/payara5/glassfish/modules/war-util.jar
757e2000-75800000 r--s 0017a000 08:01 8132       /opt/payara5/glassfish/modules/glassfish-corba-orb.jar
75800000-75900000 rw-p 00000000 00:00 0 
75900000-759fd000 rw-p 00000000 00:00 0 
759fd000-75a00000 ---p 00000000 00:00 0 
75a00000-75a01000 r--s 00003000 08:01 8003       /opt/payara5/glassfish/modules/microprofile-rest-client-api.jar
75a01000-75a03000 r--s 00006000 08:01 8054       /opt/payara5/glassfish/modules/javax.management.j2ee-api.jar
75a03000-75a06000 r--s 00012000 08:01 8057       /opt/payara5/glassfish/modules/amx-javaee.jar
75a06000-75a0a000 r--s 0002f000 08:01 8106       /opt/payara5/glassfish/modules/web-cli.jar
75a0a000-75a13000 r--s 0009b000 08:01 8030       /opt/payara5/glassfish/modules/web-glue.jar
75a13000-75a15000 r--s 00013000 08:01 8290       /opt/payara5/glassfish/modules/webservices.security.jar
75a15000-75a17000 r--s 00006000 08:01 7943       /opt/payara5/glassfish/modules/acc-config.jar
75a17000-75a34000 r--s 00133000 08:01 8175       /opt/payara5/glassfish/modules/glassfish-corba-omgapi.jar
75a34000-75b00000 r--s 00872000 08:01 8330       /opt/payara5/glassfish/modules/hazelcast.jar
75b00000-75bf9000 rw-p 00000000 00:00 0 
75bf9000-75c00000 ---p 00000000 00:00 0 
75c00000-75c01000 r--s 00003000 08:01 8042       /opt/payara5/glassfish/modules/tyrus-server.jar
75c01000-75c04000 r--s 00014000 08:01 8280       /opt/payara5/glassfish/modules/orb-iiop.jar
75c04000-75c08000 r--s 00019000 08:01 8163       /opt/payara5/glassfish/modules/glassfish-corba-csiv2-idl.jar
75c08000-75c0b000 r--s 00015000 08:01 8137       /opt/payara5/glassfish/modules/ejb.security.jar
75c0b000-75c0c000 r--s 00004000 08:01 8286       /opt/payara5/glassfish/modules/appclient.security.jar
75c0c000-75c0f000 r--s 0000d000 08:01 7959       /opt/payara5/glassfish/modules/javax.jms-api.jar
75c0f000-75c11000 r--s 00007000 08:01 8155       /opt/payara5/glassfish/modules/glassfish-corba-internal-api.jar
75c11000-75c13000 r--s 00002000 08:01 8276       /opt/payara5/glassfish/modules/orb-enabler.jar
75c13000-75c16000 r--s 0000c000 08:01 7946       /opt/payara5/glassfish/modules/orb-connector.jar
75c16000-75c17000 r--s 00004000 08:01 8203       /opt/payara5/glassfish/modules/gf-ejb-connector.jar
75c17000-75c18000 r--s 00006000 08:01 8253       /opt/payara5/glassfish/modules/persistence-common.jar
75c18000-75c19000 r--s 00004000 08:01 8119       /opt/payara5/glassfish/modules/osgi-resource-locator.jar
75c19000-75c1b000 r--s 00007000 08:01 8216       /opt/payara5/glassfish/modules/ha-api.jar
75c1b000-75c1e000 r--s 00012000 08:01 8026       /opt/payara5/glassfish/modules/glassfish-naming.jar
75c1e000-75c24000 r--s 00029000 08:01 8088       /opt/payara5/glassfish/modules/container-common.jar
75c24000-75c28000 r--s 00011000 08:01 8197       /opt/payara5/glassfish/modules/stats77.jar
75c28000-75c2d000 r--s 00038000 08:01 8300       /opt/payara5/glassfish/modules/jmxremote_optional-repackaged.jar
75c2d000-75c2f000 r--s 00010000 08:01 7947       /opt/payara5/glassfish/modules/glassfish-mbeanserver.jar
75c2f000-75c37000 r--s 00068000 08:01 8297       /opt/payara5/glassfish/modules/amx-core.jar
75c37000-75c3b000 r--s 0001a000 08:01 8101       /opt/payara5/glassfish/modules/monitoring-core.jar
75c3b000-75c3f000 r--s 00033000 08:01 8325       /opt/payara5/glassfish/modules/javax.el.jar
75c3f000-75c42000 r--s 0001d000 08:01 8055       /opt/payara5/glassfish/modules/healthcheck-core.jar
75c42000-75c43000 r--s 00003000 08:01 8064       /opt/payara5/glassfish/modules/healthcheck-stuck.jar
75c43000-75c44000 r--s 00003000 08:01 8144       /opt/payara5/glassfish/modules/payara-executor-service.jar
75c44000-75c46000 r--s 0000e000 08:01 8065       /opt/payara5/glassfish/modules/launcher.jar
75c46000-75c49000 r--s 0001c000 08:01 8189       /opt/payara5/glassfish/modules/javax.json.jar
75c49000-75c4b000 r--s 0000e000 08:01 8107       /opt/payara5/glassfish/modules/mimepull.jar
75c4b000-75c4f000 r--s 0002a000 08:01 7930       /opt/payara5/glassfish/modules/admin-cli.jar
75c4f000-75c52000 r--s 00016000 08:01 8227       /opt/payara5/glassfish/modules/hazelcast-bootstrap.jar
75c52000-75c5a000 r--s 00098000 08:01 7942       /opt/payara5/glassfish/modules/javax.mail.jar
75c5a000-75c5e000 r--s 00014000 08:01 8093       /opt/payara5/glassfish/modules/notification-core.jar
75c5e000-75c61000 r--s 00010000 08:01 8149       /opt/payara5/glassfish/modules/requesttracing-core.jar
75c61000-75c63000 r--s 00000000 08:01 8209       /opt/payara5/glassfish/modules/api-exporter.jar
75c63000-75c67000 r--s 0002e000 08:01 8162       /opt/payara5/glassfish/modules/logging.jar
75c67000-75c68000 r--s 00002000 08:01 8171       /opt/payara5/glassfish/modules/simple-glassfish-api.jar
75c68000-75c6b000 r--s 0001e000 08:01 7993       /opt/payara5/glassfish/modules/glassfish.jar
75c6b000-75c6f000 r--s 00020000 08:01 8264       /opt/payara5/glassfish/modules/flashlight-framework.jar
75c6f000-75c7a000 r--s 000b9000 08:01 8296       /opt/payara5/glassfish/modules/kernel.jar
75c7a000-75c7b000 r--s 00007000 08:01 8020       /opt/payara5/glassfish/modules/deployment-javaee-core.jar
75c7b000-75c7d000 r--s 00004000 08:01 8266       /opt/payara5/glassfish/modules/libpam4j-repackaged.jar
75c7d000-75c80000 r--s 00019000 08:01 8115       /opt/payara5/glassfish/modules/resources-connector.jar
75c80000-75c81000 r--s 00007000 08:01 8150       /opt/payara5/glassfish/modules/jackson-module-jaxb-annotations.jar
75c81000-75c85000 r--s 0004b000 08:01 8314       /opt/payara5/glassfish/modules/jackson-core.jar
75c85000-75c98000 r--s 00135000 08:01 8074       /opt/payara5/glassfish/modules/jackson-databind.jar
75c98000-75c9b000 r--s 0000e000 08:01 8198       /opt/payara5/glassfish/modules/jackson-annotations.jar
75c9b000-75ca0000 r--s 00021000 08:01 8210       /opt/payara5/glassfish/modules/security-services.jar
75ca0000-75ca7000 r--s 00051000 08:01 8139       /opt/payara5/glassfish/modules/admin-util.jar
75ca7000-75ca9000 r--s 00005000 08:01 7932       /opt/payara5/glassfish/modules/transaction-internal-api.jar
75ca9000-75cac000 r--s 00016000 08:01 7939       /opt/payara5/glassfish/modules/connectors-internal-api.jar
75cac000-75cad000 r--s 00002000 08:01 8185       /opt/payara5/glassfish/modules/ejb-internal-api.jar
75cad000-75caf000 r--s 0000f000 08:01 8099       /opt/payara5/glassfish/modules/jaspic.provider.framework.jar
75caf000-75cb0000 r--s 0000c000 08:01 8118       /opt/payara5/glassfish/modules/javax.security.jacc-api.jar
75cb0000-75cb2000 r--s 0000b000 08:01 8225       /opt/payara5/glassfish/modules/javax.security.auth.message-api.jar
75cb2000-75cb4000 r--s 0000e000 08:01 8117       /opt/payara5/glassfish/modules/nucleus-resources.jar
75cb4000-75cb7000 r--s 00009000 08:01 7977       /opt/payara5/glassfish/modules/payara-api.jar
75cb7000-75ce3000 r--s 00208000 08:01 7963       /opt/payara5/glassfish/modules/guava.jar
75ce3000-75ce5000 r--s 00009000 08:01 8272       /opt/payara5/glassfish/modules/annotation-framework.jar
75ce5000-75ce9000 r--s 0000e000 08:01 8138       /opt/payara5/glassfish/modules/javax.resource-api.jar
75ce9000-75cef000 r--s 0002a000 08:01 8095       /opt/payara5/glassfish/modules/javax.persistence.jar
75cef000-75cf2000 r--s 0000a000 08:01 8304       /opt/payara5/glassfish/modules/javax.enterprise.deploy-api.jar
75cf2000-75d00000 r--s 000b7000 08:01 8211       /opt/payara5/glassfish/modules/dol.jar
75d00000-75e00000 rw-p 00000000 00:00 0 
75e00000-75f00000 rw-p 00000000 00:00 0 
75f00000-75fff000 rw-p 00000000 00:00 0 
75fff000-76000000 ---p 00000000 00:00 0 
76000000-76002000 r--s 00005000 08:01 8221       /opt/payara5/glassfish/modules/javax.interceptor-api.jar
76002000-76007000 r--s 00016000 08:01 8067       /opt/payara5/glassfish/modules/cdi-api.jar
76007000-7600b000 r--s 00016000 08:01 7971       /opt/payara5/glassfish/modules/javax.servlet-api.jar
7600b000-7600c000 r--s 00002000 08:01 8085       /opt/payara5/glassfish/modules/glassfish-ee-api.jar
7600c000-7600f000 r--s 0000b000 08:01 8123       /opt/payara5/glassfish/modules/ldapbp-repackaged.jar
7600f000-76011000 r--s 0000b000 08:01 8130       /opt/payara5/glassfish/modules/pfl-tf-tools.jar
76011000-76013000 r--s 00010000 08:01 8218       /opt/payara5/glassfish/modules/pfl-basic-tools.jar
76013000-7601c000 r--s 0004c000 08:01 7931       /opt/payara5/glassfish/modules/pfl-dynamic.jar
7601c000-76022000 r--s 00051000 08:01 8183       /opt/payara5/glassfish/modules/pfl-asm.jar
76022000-76025000 r--s 00015000 08:01 8041       /opt/payara5/glassfish/modules/pfl-tf.jar
76025000-7602b000 r--s 0002c000 08:01 7999       /opt/payara5/glassfish/modules/pfl-basic.jar
7602b000-76030000 r--s 0002d000 08:01 7984       /opt/payara5/glassfish/modules/gmbal.jar
76030000-76034000 r--s 0002a000 08:01 8295       /opt/payara5/glassfish/modules/deployment-common.jar
76034000-76039000 r--s 0001e000 08:01 8265       /opt/payara5/glassfish/modules/internal-api.jar
76039000-7603a000 r--s 00005000 08:01 8047       /opt/payara5/glassfish/modules/ssl-impl.jar
7603a000-76047000 r--s 00085000 08:01 8161       /opt/payara5/glassfish/modules/config-api.jar
76047000-7604e000 r--s 00059000 08:01 8134       /opt/payara5/glassfish/modules/asm-repackaged.jar
7604e000-76051000 r--s 00013000 08:01 8018       /opt/payara5/glassfish/modules/class-model.jar
76051000-76052000 r--s 00000000 08:01 8039       /opt/payara5/glassfish/modules/hk2.jar
76052000-7605a000 r--s 0006d000 08:01 7997       /opt/payara5/glassfish/modules/security.jar
7605a000-76061000 r--s 0004c000 08:01 8274       /opt/payara5/glassfish/modules/security-ee.jar
76061000-76062000 r--s 00002000 08:01 7941       /opt/payara5/glassfish/modules/ejb-client.jar
76062000-76064000 r--s 00006000 08:01 8060       /opt/payara5/glassfish/modules/javax.transaction-api.jar
76064000-76067000 r--s 0000d000 08:01 8223       /opt/payara5/glassfish/modules/javax.ejb-api.jar
76067000-76073000 r--s 000de000 08:01 8277       /opt/payara5/glassfish/modules/ejb-container.jar
76073000-76075000 r--s 00011000 08:01 8291       /opt/payara5/glassfish/modules/ejb-full-container.jar
76075000-76077000 r--s 0000a000 08:01 8301       /opt/payara5/glassfish/modules/management-api.jar
76077000-7607c000 r--s 00012000 08:01 8261       /opt/payara5/glassfish/modules/validation-api.jar
7607c000-76099000 r--s 000fe000 08:01 8097       /opt/payara5/glassfish/modules/hibernate-validator.jar
76099000-7609e000 r--s 00030000 08:01 8127       /opt/payara5/glassfish/modules/hk2-config.jar
7609e000-7609f000 ---p 00000000 00:00 0 
7609f000-7611f000 rw-p 00000000 00:00 0 
7611f000-76122000 ---p 00000000 00:00 0 
76122000-76170000 rw-p 00000000 00:00 0 
76170000-76173000 ---p 00000000 00:00 0 
76173000-761f1000 rw-p 00000000 00:00 0 
761f1000-761f4000 ---p 00000000 00:00 0 
761f4000-76272000 rw-p 00000000 00:00 0 
76272000-76275000 ---p 00000000 00:00 0 
76275000-762c3000 rw-p 00000000 00:00 0 
762c3000-7645e000 r--p 00000000 08:01 131073     /usr/lib/locale/locale-archive
7645e000-76461000 ---p 00000000 00:00 0 
76461000-764af000 rw-p 00000000 00:00 0 
764af000-764b2000 ---p 00000000 00:00 0 
764b2000-76500000 rw-p 00000000 00:00 0 
76500000-765fa000 rw-p 00000000 00:00 0 
765fa000-76600000 ---p 00000000 00:00 0 
76600000-76602000 r--s 0000e000 08:01 8028       /opt/payara5/glassfish/modules/classmate.jar
76602000-76604000 r--s 0000f000 08:01 8191       /opt/payara5/glassfish/modules/jboss-logging.jar
76604000-76623000 r--s 001af000 08:01 8332       /opt/payara5/glassfish/modules/nucleus-grizzly-all.jar
76623000-76626000 r--s 0000c000 08:01 8025       /opt/payara5/glassfish/modules/hk2-runlevel.jar
76626000-76628000 r--s 00002000 08:01 8147       /opt/payara5/glassfish/modules/scattered-archive-api.jar
76628000-76630000 r--s 00029000 08:01 8324       /opt/payara5/glassfish/modules/glassfish-api.jar
76630000-7663b000 r--s 00078000 08:01 8293       /opt/payara5/glassfish/modules/common-util.jar
7663b000-7663c000 ---p 00000000 00:00 0 
7663c000-7670a000 rw-p 00000000 00:00 0 
7670a000-768d9000 r--s 03c33000 08:01 139212     /usr/lib/jvm/java-8-openjdk-i386/jre/lib/rt.jar
768d9000-76934000 rw-p 00000000 00:00 0 
76934000-76d7a000 rw-p 00000000 00:00 0 
76d7a000-76d80000 ---p 00000000 00:00 0 
76d80000-76d91000 rw-p 00000000 00:00 0 
76d91000-76e80000 ---p 00000000 00:00 0 
76e80000-76e88000 rw-p 00000000 00:00 0 
76e88000-76eff000 ---p 00000000 00:00 0 
76eff000-76f11000 rw-p 00000000 00:00 0 
76f11000-76fff000 ---p 00000000 00:00 0 
76fff000-78000000 rw-p 00000000 00:00 0 
78000000-86f50000 ---p 00000000 00:00 0 
86f50000-890d0000 rw-p 00000000 00:00 0 
8a726000-a6e00000 ---p 00000000 00:00 0 
a6e00000-a6e03000 r--s 0001e000 08:01 8232       /opt/payara5/glassfish/modules/hk2-utils.jar
a6e03000-a6e0d000 r--s 000ab000 08:01 8153       /opt/payara5/glassfish/modules/javassist.jar
a6e0d000-a6e12000 r--s 00029000 08:01 8217       /opt/payara5/glassfish/modules/hk2-api.jar
a6e12000-a6e14000 r--s 00002000 08:01 8148       /opt/payara5/glassfish/modules/aopalliance-repackaged.jar
a6e14000-a6e18000 r--s 0002b000 08:01 8168       /opt/payara5/glassfish/modules/hk2-locator.jar
a6e18000-a6e25000 r--s 001ae000 08:01 8077       /opt/payara5/glassfish/modules/gf-client-module.jar
a6e25000-a6e40000 r--s 00394000 08:01 139088     /usr/lib/jvm/java-8-openjdk-i386/jre/lib/ext/cldrdata.jar
a6e40000-a6e51000 rw-p 00000000 00:00 0 
a6e51000-a7200000 ---p 00000000 00:00 0 
a7200000-a7640000 rwxp 00000000 00:00 0 
a7640000-b6200000 ---p 00000000 00:00 0 
b6200000-b62fc000 rw-p 00000000 00:00 0 
b62fc000-b6300000 ---p 00000000 00:00 0 
b6300000-b6301000 r--s 00002000 08:01 8105       /opt/payara5/glassfish/modules/config-types.jar
b6301000-b6302000 r--s 00001000 08:01 7995       /opt/payara5/glassfish/modules/javax.inject.jar
b6302000-b6306000 r--s 00019000 08:01 8104       /opt/payara5/glassfish/modules/hk2-core.jar
b6306000-b6307000 r--s 00005000 08:01 8600       /opt/payara5/glassfish/lib/gf-client.jar
b6307000-b6308000 r--s 00000000 08:01 9010       /opt/payara5/glassfish/lib/appserv-rt.jar
b6308000-b630e000 r--s 0003b000 08:01 139102     /usr/lib/jvm/java-8-openjdk-i386/jre/lib/ext/sunjce_provider.jar
b630e000-b6310000 r--s 00008000 08:01 139100     /usr/lib/jvm/java-8-openjdk-i386/jre/lib/ext/sunec.jar
b6310000-b631a000 r--s 00116000 08:01 139096     /usr/lib/jvm/java-8-openjdk-i386/jre/lib/ext/localedata.jar
b631a000-b6335000 r--s 001d6000 08:01 139098     /usr/lib/jvm/java-8-openjdk-i386/jre/lib/ext/nashorn.jar
b6335000-b6338000 r--s 00038000 08:01 139104     /usr/lib/jvm/java-8-openjdk-i386/jre/lib/ext/sunpkcs11.jar
b6338000-b633b000 r--s 0000f000 08:01 139092     /usr/lib/jvm/java-8-openjdk-i386/jre/lib/ext/icedtea-sound.jar
b633b000-b633c000 r--s 00010000 08:01 139106     /usr/lib/jvm/java-8-openjdk-i386/jre/lib/ext/zipfs.jar
b633c000-b633e000 r--s 00001000 08:01 139090     /usr/lib/jvm/java-8-openjdk-i386/jre/lib/ext/dnsns.jar
b633e000-b6340000 r--s 00007000 08:01 283063     /usr/share/java/java-atk-wrapper.jar
b6340000-b634b000 r-xp 00000000 08:01 524309     /lib/i386-linux-gnu/libnss_files-2.24.so
b634b000-b634c000 r--p 0000a000 08:01 524309     /lib/i386-linux-gnu/libnss_files-2.24.so
b634c000-b634d000 rw-p 0000b000 08:01 524309     /lib/i386-linux-gnu/libnss_files-2.24.so
b634d000-b6353000 rw-p 00000000 00:00 0 
b6353000-b635e000 r-xp 00000000 08:01 524311     /lib/i386-linux-gnu/libnss_nis-2.24.so
b635e000-b635f000 r--p 0000a000 08:01 524311     /lib/i386-linux-gnu/libnss_nis-2.24.so
b635f000-b6360000 rw-p 0000b000 08:01 524311     /lib/i386-linux-gnu/libnss_nis-2.24.so
b6360000-b6376000 r-xp 00000000 08:01 524306     /lib/i386-linux-gnu/libnsl-2.24.so
b6376000-b6377000 r--p 00016000 08:01 524306     /lib/i386-linux-gnu/libnsl-2.24.so
b6377000-b6378000 rw-p 00017000 08:01 524306     /lib/i386-linux-gnu/libnsl-2.24.so
b6378000-b637a000 rw-p 00000000 00:00 0 
b637a000-b6382000 r-xp 00000000 08:01 524307     /lib/i386-linux-gnu/libnss_compat-2.24.so
b6382000-b6383000 r--p 00007000 08:01 524307     /lib/i386-linux-gnu/libnss_compat-2.24.so
b6383000-b6384000 rw-p 00008000 08:01 524307     /lib/i386-linux-gnu/libnss_compat-2.24.so
b6384000-b6385000 r--s 0000a000 08:01 139094     /usr/lib/jvm/java-8-openjdk-i386/jre/lib/ext/jaccess.jar
b6385000-b638d000 r-xp 00000000 08:01 139176     /usr/lib/jvm/java-8-openjdk-i386/jre/lib/i386/libzip.so
b638d000-b638e000 r--p 00007000 08:01 139176     /usr/lib/jvm/java-8-openjdk-i386/jre/lib/i386/libzip.so
b638e000-b638f000 rw-p 00008000 08:01 139176     /usr/lib/jvm/java-8-openjdk-i386/jre/lib/i386/libzip.so
b638f000-b63b7000 r-xp 00000000 08:01 139138     /usr/lib/jvm/java-8-openjdk-i386/jre/lib/i386/libjava.so
b63b7000-b63b8000 r--p 00027000 08:01 139138     /usr/lib/jvm/java-8-openjdk-i386/jre/lib/i386/libjava.so
b63b8000-b63b9000 rw-p 00028000 08:01 139138     /usr/lib/jvm/java-8-openjdk-i386/jre/lib/i386/libjava.so
b63b9000-b63c7000 r-xp 00000000 08:01 139174     /usr/lib/jvm/java-8-openjdk-i386/jre/lib/i386/libverify.so
b63c7000-b63c8000 r--p 0000d000 08:01 139174     /usr/lib/jvm/java-8-openjdk-i386/jre/lib/i386/libverify.so
b63c8000-b63c9000 rw-p 0000e000 08:01 139174     /usr/lib/jvm/java-8-openjdk-i386/jre/lib/i386/libverify.so
b63c9000-b63d0000 r-xp 00000000 08:01 524316     /lib/i386-linux-gnu/librt-2.24.so
b63d0000-b63d1000 r--p 00006000 08:01 524316     /lib/i386-linux-gnu/librt-2.24.so
b63d1000-b63d2000 rw-p 00007000 08:01 524316     /lib/i386-linux-gnu/librt-2.24.so
b63d2000-b63d5000 ---p 00000000 00:00 0 
b63d5000-b6423000 rw-p 00000000 00:00 0 
b6423000-b643f000 r-xp 00000000 08:01 524296     /lib/i386-linux-gnu/libgcc_s.so.1
b643f000-b6440000 r--p 0001b000 08:01 524296     /lib/i386-linux-gnu/libgcc_s.so.1
b6440000-b6441000 rw-p 0001c000 08:01 524296     /lib/i386-linux-gnu/libgcc_s.so.1
b6441000-b6494000 r-xp 00000000 08:01 524304     /lib/i386-linux-gnu/libm-2.24.so
b6494000-b6495000 r--p 00052000 08:01 524304     /lib/i386-linux-gnu/libm-2.24.so
b6495000-b6496000 rw-p 00053000 08:01 524304     /lib/i386-linux-gnu/libm-2.24.so
b6496000-b6606000 r-xp 00000000 08:01 136491     /usr/lib/i386-linux-gnu/libstdc++.so.6.0.22
b6606000-b660c000 r--p 0016f000 08:01 136491     /usr/lib/i386-linux-gnu/libstdc++.so.6.0.22
b660c000-b660d000 rw-p 00175000 08:01 136491     /usr/lib/i386-linux-gnu/libstdc++.so.6.0.22
b660d000-b6610000 rw-p 00000000 00:00 0 
b6610000-b70d0000 r-xp 00000000 08:01 139180     /usr/lib/jvm/java-8-openjdk-i386/jre/lib/i386/server/libjvm.so
b70d0000-b711c000 r--p 00abf000 08:01 139180     /usr/lib/jvm/java-8-openjdk-i386/jre/lib/i386/server/libjvm.so
b711c000-b7133000 rw-p 00b0b000 08:01 139180     /usr/lib/jvm/java-8-openjdk-i386/jre/lib/i386/server/libjvm.so
b7133000-b7552000 rw-p 00000000 00:00 0 
b7552000-b7554000 rw-p 00000000 00:00 0 
b7554000-b7705000 r-xp 00000000 08:01 524300     /lib/i386-linux-gnu/libc-2.24.so
b7705000-b7707000 r--p 001b0000 08:01 524300     /lib/i386-linux-gnu/libc-2.24.so
b7707000-b7708000 rw-p 001b2000 08:01 524300     /lib/i386-linux-gnu/libc-2.24.so
b7708000-b770b000 rw-p 00000000 00:00 0 
b770b000-b770e000 r-xp 00000000 08:01 524303     /lib/i386-linux-gnu/libdl-2.24.so
b770e000-b770f000 r--p 00002000 08:01 524303     /lib/i386-linux-gnu/libdl-2.24.so
b770f000-b7710000 rw-p 00003000 08:01 524303     /lib/i386-linux-gnu/libdl-2.24.so
b7710000-b771d000 r-xp 00000000 08:01 139110     /usr/lib/jvm/java-8-openjdk-i386/jre/lib/i386/jli/libjli.so
b771d000-b771e000 r--p 0000c000 08:01 139110     /usr/lib/jvm/java-8-openjdk-i386/jre/lib/i386/jli/libjli.so
b771e000-b771f000 rw-p 0000d000 08:01 139110     /usr/lib/jvm/java-8-openjdk-i386/jre/lib/i386/jli/libjli.so
b771f000-b7738000 r-xp 00000000 08:01 524403     /lib/i386-linux-gnu/libz.so.1.2.8
b7738000-b7739000 r--p 00018000 08:01 524403     /lib/i386-linux-gnu/libz.so.1.2.8
b7739000-b773a000 rw-p 00019000 08:01 524403     /lib/i386-linux-gnu/libz.so.1.2.8
b773a000-b7753000 r-xp 00000000 08:01 524314     /lib/i386-linux-gnu/libpthread-2.24.so
b7753000-b7754000 r--p 00018000 08:01 524314     /lib/i386-linux-gnu/libpthread-2.24.so
b7754000-b7755000 rw-p 00019000 08:01 524314     /lib/i386-linux-gnu/libpthread-2.24.so
b7755000-b7757000 rw-p 00000000 00:00 0 
b7757000-b7758000 r--p 0019a000 08:01 131073     /usr/lib/locale/locale-archive
b7758000-b7760000 rw-s 00000000 08:01 25212      /tmp/hsperfdata_bruno/17020
b7760000-b7761000 rw-p 00000000 00:00 0 
b7761000-b7762000 ---p 00000000 00:00 0 
b7762000-b7765000 rw-p 00000000 00:00 0 
b7765000-b7767000 r--p 00000000 00:00 0          [vvar]
b7767000-b7769000 r-xp 00000000 00:00 0          [vdso]
b7769000-b778c000 r-xp 00000000 08:01 524295     /lib/i386-linux-gnu/ld-2.24.so
b778c000-b778d000 r--p 00022000 08:01 524295     /lib/i386-linux-gnu/ld-2.24.so
b778d000-b778e000 rw-p 00023000 08:01 524295     /lib/i386-linux-gnu/ld-2.24.so
bf921000-bf942000 rw-p 00000000 00:00 0          [stack]

VM Arguments:
jvm_args: -Dfile.encoding=UTF-8 
java_command: agencyclient.Main
java_class_path (initial): /opt/payara5/glassfish/lib/appserv-rt.jar:/opt/payara5/glassfish/lib/gf-client.jar:/opt/payara5/glassfish/lib/javaee.jar:/opt/payara5/glassfish/lib/jndi-properties.jar:/home/bruno/NetBeansProjects/TP_PD_full/TP_PD/AgencyLib/dist/AgencyLib.jar:/home/bruno/NetBeansProjects/TP_PD_full/TP_PD/AgencyClient/build/classes
Launcher Type: SUN_STANDARD

Environment Variables:
PATH=/usr/local/bin:/usr/bin:/bin:/usr/local/games:/usr/games
LD_LIBRARY_PATH=/usr/lib/jvm/java-8-openjdk-i386/jre/lib/amd64:/usr/lib/jvm/java-8-openjdk-i386/jre/lib/i386:
SHELL=/bin/bash
DISPLAY=:0.0

Signal Handlers:
SIGSEGV: [libjvm.so+0x8c88c0], sa_mask[0]=11111111011111111101111111111110, sa_flags=SA_RESTART|SA_SIGINFO
SIGBUS: [libjvm.so+0x8c88c0], sa_mask[0]=11111111011111111101111111111110, sa_flags=SA_RESTART|SA_SIGINFO
SIGFPE: [libjvm.so+0x726380], sa_mask[0]=11111111011111111101111111111110, sa_flags=SA_RESTART|SA_SIGINFO
SIGPIPE: [libjvm.so+0x726380], sa_mask[0]=11111111011111111101111111111110, sa_flags=SA_RESTART|SA_SIGINFO
SIGXFSZ: [libjvm.so+0x726380], sa_mask[0]=11111111011111111101111111111110, sa_flags=SA_RESTART|SA_SIGINFO
SIGILL: [libjvm.so+0x726380], sa_mask[0]=11111111011111111101111111111110, sa_flags=SA_RESTART|SA_SIGINFO
SIGUSR1: SIG_DFL, sa_mask[0]=00000000000000000000000000000000, sa_flags=none
SIGUSR2: [libjvm.so+0x7261c0], sa_mask[0]=00100000000000000000000000000000, sa_flags=SA_RESTART|SA_SIGINFO
SIGHUP: [libjvm.so+0x726810], sa_mask[0]=11111111011111111101111111111110, sa_flags=SA_RESTART|SA_SIGINFO
SIGINT: SIG_IGN, sa_mask[0]=00000000000000000000000000000000, sa_flags=none
SIGTERM: [libjvm.so+0x726810], sa_mask[0]=11111111011111111101111111111110, sa_flags=SA_RESTART|SA_SIGINFO
SIGQUIT: [libjvm.so+0x726810], sa_mask[0]=11111111011111111101111111111110, sa_flags=SA_RESTART|SA_SIGINFO


---------------  S Y S T E M  ---------------

OS:PRETTY_NAME="Debian GNU/Linux 9 (stretch)"
NAME="Debian GNU/Linux"
VERSION_ID="9"
VERSION="9 (stretch)"
ID=debian
HOME_URL="https://www.debian.org/"
SUPPORT_URL="https://www.debian.org/support"
BUG_REPORT_URL="https://bugs.debian.org/"

uname:Linux 4.9.0-8-686-pae #1 SMP Debian 4.9.110-3+deb9u6 (2018-10-08) i686
libc:glibc 2.24 NPTL 2.24 
rlimit: STACK 8192k, CORE 0k, NPROC 24332, NOFILE 1048576, AS infinity
load average:0.57 0.46 0.42

/proc/meminfo:
MemTotal:        3132448 kB
MemFree:          170836 kB
MemAvailable:          0 kB
Buffers:            2388 kB
Cached:           101964 kB
SwapCached:            0 kB
Active:          2837216 kB
Inactive:          75988 kB
Active(anon):    2811796 kB
Inactive(anon):    51344 kB
Active(file):      25420 kB
Inactive(file):    24644 kB
Unevictable:          96 kB
Mlocked:              96 kB
HighTotal:       2259912 kB
HighFree:          28532 kB
LowTotal:         872536 kB
LowFree:          142304 kB
SwapTotal:             0 kB
SwapFree:              0 kB
Dirty:               192 kB
Writeback:             0 kB
AnonPages:       2808948 kB
Mapped:            76272 kB
Shmem:             54288 kB
Slab:              21996 kB
SReclaimable:      11320 kB
SUnreclaim:        10676 kB
KernelStack:        2872 kB
PageTables:        12232 kB
NFS_Unstable:          0 kB
Bounce:                0 kB
WritebackTmp:          0 kB
CommitLimit:     1566224 kB
Committed_AS:    3589548 kB
VmallocTotal:     122880 kB
VmallocUsed:           0 kB
VmallocChunk:          0 kB
HardwareCorrupted:     0 kB
AnonHugePages:         0 kB
ShmemHugePages:        0 kB
ShmemPmdMapped:        0 kB
HugePages_Total:       0
HugePages_Free:        0
HugePages_Rsvd:        0
HugePages_Surp:        0
Hugepagesize:       2048 kB
DirectMap4k:       20472 kB
DirectMap2M:      890880 kB


CPU:total 1 (initial active 1) (1 cores per cpu, 1 threads per core) family 6 model 158 stepping 9, cmov, cx8, fxsr, mmx, sse, sse2, sse3, ssse3, sse4.1, sse4.2, popcnt, avx, avx2, aes, clmul, 3dnowpref, lzcnt, tsc, tscinvbit

/proc/cpuinfo:
processor	: 0
vendor_id	: GenuineIntel
cpu family	: 6
model		: 158
model name	: Intel(R) Core(TM) i7-7700HQ CPU @ 2.80GHz
stepping	: 9
cpu MHz		: 2808.006
cache size	: 6144 KB
physical id	: 0
siblings	: 1
core id		: 0
cpu cores	: 1
apicid		: 0
initial apicid	: 0
fdiv_bug	: no
f00f_bug	: no
coma_bug	: no
fpu		: yes
fpu_exception	: yes
cpuid level	: 22
wp		: yes
flags		: fpu vme de pse tsc msr pae mce cx8 apic sep mtrr pge mca cmov pat pse36 clflush mmx fxsr sse sse2 nx rdtscp constant_tsc xtopology nonstop_tsc pni pclmulqdq monitor ssse3 cx16 sse4_1 sse4_2 x2apic movbe popcnt aes xsave avx rdrand hypervisor lahf_lm abm 3dnowprefetch fsgsbase avx2 invpcid rdseed clflushopt
bugs		: cpu_meltdown spectre_v1 spectre_v2 spec_store_bypass l1tf
bogomips	: 5616.01
clflush size	: 64
cache_alignment	: 64
address sizes	: 39 bits physical, 48 bits virtual
power management:



Memory: 4k page, physical 3132448k(170836k free), swap 0k(0k free)

vm_info: OpenJDK Server VM (25.181-b13) for linux-x86 JRE (1.8.0_181-8u181-b13-2~deb9u1-b13), built on Oct 22 2018 18:05:23 by "buildd" with gcc 6.3.0 20170516

time: Tue Feb  5 17:54:55 2019
elapsed time: 7 seconds (0d 0h 0m 7s)

